0 info it worked if it ends with ok
1 verbose cli [ '/usr/local/bin/node', '/usr/local/bin/npm', 'install' ]
2 info using npm@1.1.63
3 info using node@v0.8.12
4 verbose node symlink /usr/local/bin/node
5 verbose read json /home/dihnen/gitcommon-lib/package.json
6 warn package.json common-lib@0.2.0-0 No README.md file found!
7 verbose readDependencies using package.json deps
8 verbose install where, deps [ '/home/dihnen/gitcommon-lib', [ 'common', 'jasmine-node' ] ]
9 verbose from cache /home/dihnen/gitcommon-lib/package.json
10 info preinstall common-lib@0.2.0-0
11 verbose from cache /home/dihnen/gitcommon-lib/package.json
12 verbose readDependencies using package.json deps
13 verbose cache add [ 'common@git+ssh://localhost/home/dihnen/gitcommon-lib', null ]
14 silly cache add name=undefined spec="common@git+ssh://localhost/home/dihnen/gitcommon-lib" args=["common@git+ssh://localhost/home/dihnen/gitcommon-lib",null]
15 verbose parsed url { pathname: 'common@git+ssh://localhost/home/dihnen/gitcommon-lib',
15 verbose parsed url   path: 'common@git+ssh://localhost/home/dihnen/gitcommon-lib',
15 verbose parsed url   href: 'common@git+ssh://localhost/home/dihnen/gitcommon-lib' }
16 silly cache add name="common" spec="git+ssh://localhost/home/dihnen/gitcommon-lib" args=["common","git+ssh://localhost/home/dihnen/gitcommon-lib"]
17 verbose parsed url { protocol: 'git+ssh:',
17 verbose parsed url   slashes: true,
17 verbose parsed url   host: 'localhost',
17 verbose parsed url   hostname: 'localhost',
17 verbose parsed url   href: 'git+ssh://localhost/home/dihnen/gitcommon-lib',
17 verbose parsed url   pathname: '/home/dihnen/gitcommon-lib',
17 verbose parsed url   path: '/home/dihnen/gitcommon-lib' }
18 verbose cache add [ 'jasmine-node@<= 1.0.22', null ]
19 silly cache add name=undefined spec="jasmine-node@<= 1.0.22" args=["jasmine-node@<= 1.0.22",null]
20 verbose parsed url { pathname: 'jasmine-node@%3C=%201.0.22',
20 verbose parsed url   path: 'jasmine-node@%3C=%201.0.22',
20 verbose parsed url   href: 'jasmine-node@%3C=%201.0.22' }
21 silly cache add name="jasmine-node" spec="<= 1.0.22" args=["jasmine-node","<= 1.0.22"]
22 verbose parsed url { pathname: '%3C=%201.0.22',
22 verbose parsed url   path: '%3C=%201.0.22',
22 verbose parsed url   href: '%3C=%201.0.22' }
23 verbose addNamed [ 'jasmine-node', '<= 1.0.22' ]
24 verbose addNamed [ null, '<=1.0.22' ]
25 silly lockFile f7c0c461-alhost-home-dihnen-gitcommon-lib git+ssh://localhost/home/dihnen/gitcommon-lib
26 verbose lock git+ssh://localhost/home/dihnen/gitcommon-lib /home/dihnen/.npm/f7c0c461-alhost-home-dihnen-gitcommon-lib.lock
27 silly lockFile 3d0481c2-jasmine-node-1-0-22 jasmine-node@<= 1.0.22
28 verbose lock jasmine-node@<= 1.0.22 /home/dihnen/.npm/3d0481c2-jasmine-node-1-0-22.lock
29 verbose addRemoteGit [ 'ssh://localhost/home/dihnen/gitcommon-lib', 'master' ]
30 silly addNameRange { name: 'jasmine-node', range: '<=1.0.22', hasData: false }
31 silly exec git "clone" "ssh://localhost/home/dihnen/gitcommon-lib" "/home/dihnen/tmp/npm-23756/1357685917516-0.9098346158862114"
32 silly git,clone,ssh://localhost/home/dihnen/gitcommon-lib,/home/dihnen/tmp/npm-23756/1357685917516-0.9098346158862114, spawning
33 verbose url raw jasmine-node
34 verbose url resolving [ 'https://registry.npmjs.org/', './jasmine-node' ]
35 verbose url resolved https://registry.npmjs.org/jasmine-node
36 info trying registry request attempt 1 at 17:58:37
37 verbose etag "EZJRHMCQV76YS9RKOPT1M9PMH"
38 http GET https://registry.npmjs.org/jasmine-node
39 http 304 https://registry.npmjs.org/jasmine-node
40 silly registry.get cb [ 304,
40 silly registry.get   { server: 'CouchDB/1.2.0 (Erlang OTP/R15B)',
40 silly registry.get     etag: '"EZJRHMCQV76YS9RKOPT1M9PMH"',
40 silly registry.get     date: 'Tue, 08 Jan 2013 22:57:17 GMT',
40 silly registry.get     'content-length': '0' } ]
41 verbose etag jasmine-node from cache
42 silly addNameRange number 2 { name: 'jasmine-node', range: '<=1.0.22', hasData: true }
43 silly addNameRange versions [ 'jasmine-node',
43 silly addNameRange   [ '1.0.0rc1',
43 silly addNameRange     '1.0.0rc2',
43 silly addNameRange     '1.0.0rc3',
43 silly addNameRange     '1.0.1',
43 silly addNameRange     '1.0.2',
43 silly addNameRange     '1.0.3',
43 silly addNameRange     '1.0.4',
43 silly addNameRange     '1.0.5',
43 silly addNameRange     '1.0.6',
43 silly addNameRange     '1.0.7',
43 silly addNameRange     '1.0.8',
43 silly addNameRange     '1.0.9',
43 silly addNameRange     '1.0.10',
43 silly addNameRange     '1.0.11',
43 silly addNameRange     '1.0.12',
43 silly addNameRange     '1.0.13',
43 silly addNameRange     '1.0.15',
43 silly addNameRange     '1.0.16',
43 silly addNameRange     '1.0.17',
43 silly addNameRange     '1.0.18',
43 silly addNameRange     '1.0.19',
43 silly addNameRange     '1.0.20',
43 silly addNameRange     '1.0.21',
43 silly addNameRange     '1.0.22',
43 silly addNameRange     '1.0.23',
43 silly addNameRange     '1.0.24',
43 silly addNameRange     '1.0.25',
43 silly addNameRange     '1.0.26',
43 silly addNameRange     '1.0.27',
43 silly addNameRange     '1.0.28' ] ]
44 verbose addNamed [ 'jasmine-node', '1.0.22' ]
45 verbose addNamed [ '1.0.22', '1.0.22' ]
46 silly lockFile abfc277c-jasmine-node-1-0-22 jasmine-node@1.0.22
47 verbose lock jasmine-node@1.0.22 /home/dihnen/.npm/abfc277c-jasmine-node-1-0-22.lock
48 verbose read json /home/dihnen/.npm/jasmine-node/1.0.22/package/package.json
49 silly lockFile abfc277c-jasmine-node-1-0-22 jasmine-node@1.0.22
50 silly lockFile 3d0481c2-jasmine-node-1-0-22 jasmine-node@<= 1.0.22
51 verbose git clone ssh://localhost/home/dihnen/gitcommon-lib Cloning into '/home/dihnen/tmp/npm-23756/1357685917516-0.9098346158862114'...
52 silly exec git "checkout" "master"
53 silly git,checkout,master,/home/dihnen/tmp/npm-23756/1357685917516-0.9098346158862114 spawning
54 verbose git checkout master Already on 'master'
55 verbose read json /home/dihnen/tmp/npm-23756/1357685917516-0.9098346158862114/package.json
56 silly lockFile dea5eb58-alhost-home-dihnen-gitcommon-lib ssh://localhost/home/dihnen/gitcommon-lib
57 error Error: ENOENT, open '/home/dihnen/tmp/npm-23756/1357685917516-0.9098346158862114/package.json'
58 error If you need help, you may report this log at:
58 error     <http://github.com/isaacs/npm/issues>
58 error or email it to:
58 error     <npm-@googlegroups.com>
59 error System Linux 2.6.31-23-generic-pae
60 error command "/usr/local/bin/node" "/usr/local/bin/npm" "install"
61 error cwd /home/dihnen/gitcommon-lib
62 error node -v v0.8.12
63 error npm -v 1.1.63
64 error path /home/dihnen/tmp/npm-23756/1357685917516-0.9098346158862114/package.json
65 error code ENOENT
66 error errno 34
67 verbose exit [ 34, true ]
